<?xml version="1.0" encoding="UTF-8" ?>
<testsuite tests="10" failures="0" name="UserTest" time="0.508" errors="0" skipped="0">
  <properties>
[...]
</properties>
  <testcase classname="UserTest" name="testStaticFactoryBean" time="0.057"/>
  <testcase classname="UserTest" name="testDao" time="0.069"/>
  <testcase classname="UserTest" name="testUser" time="0.053"/>
  <testcase classname="UserTest" name="testFactoryBean" time="0.053"/>
  <testcase classname="UserTest" name="testComplexBean" time="0.046"/>
  <testcase classname="UserTest" name="testService" time="0.04"/>
  <testcase classname="UserTest" name="testPerson" time="0.047"/>
  <testcase classname="UserTest" name="testUser02" time="0.047"/>
  <testcase classname="UserTest" name="testUser04" time="0.048"/>
  <testcase classname="UserTest" name="testStudent" time="0.048"/>
</testsuite>